2025-12-24T09:49:32.792879509-05:00 - INFO - Sending encoded position message: [0, 0, 3, 231, 67, 145, 0, 0, 65, 200, 0, 0, 0, 0, 0, 0, 0, 0, 0, 0]
2025-12-24T09:49:32.797837940-05:00 - INFO - Received position message for id 0: (197.44069, 23.6) with velocity vector (5, -5)
2025-12-24T09:49:32.814618909-05:00 - INFO - Received position message for id 1: (290, 25) with velocity vector (0, 0)
2025-12-24T09:49:32.831871751-05:00 - INFO - Received position for player.
2025-12-24T09:49:32.831945453-05:00 - INFO - Received position message for id 0: (197.52063, 23.520063) with velocity vector (5, -5)
2025-12-24T09:49:32.849121056-05:00 - INFO - Received position message for id 1: (290, 25) with velocity vector (0, 0)
2025-12-24T09:49:32.866296305-05:00 - INFO - Received position for player.
2025-12-24T09:49:32.866364626-05:00 - INFO - Received position message for id 0: (197.60071, 23.43998) with velocity vector (5, -5)
2025-12-24T09:49:32.883544673-05:00 - INFO - Received position message for id 1: (290, 25) with velocity vector (0, 0)
2025-12-24T09:49:32.900685575-05:00 - INFO - Received position for player.
2025-12-24T09:49:32.900745500-05:00 - INFO - Received position message for id 0: (197.68057, 23.360113) with velocity vector (5, -5)
2025-12-24T09:49:32.912332825-05:00 - INFO - Received position message for id 1: (290, 25) with velocity vector (0, 0)
2025-12-24T09:49:32.922525441-05:00 - INFO - Received position for player.
2025-12-24T09:49:32.922592546-05:00 - INFO - Received position message for id 0: (197.7607, 23.279987) with velocity vector (5, -5)
2025-12-24T09:49:32.922632356-05:00 - INFO - Received position message for id 1: (290, 25) with velocity vector (0, 0)
2025-12-24T09:49:32.922658291-05:00 - INFO - Received position for player.
2025-12-24T09:49:32.922682054-05:00 - INFO - Received position message for id 0: (197.84071, 23.19997) with velocity vector (5, -5)
2025-12-24T09:49:32.922713603-05:00 - INFO - Received position message for id 1: (290, 25) with velocity vector (0, 0)
2025-12-24T09:49:32.922740518-05:00 - INFO - Received position for player.
2025-12-24T09:49:32.922764751-05:00 - INFO - Received position message for id 0: (197.92076, 23.11992) with velocity vector (5, -5)
2025-12-24T09:49:32.922797048-05:00 - INFO - Received position message for id 1: (290, 25) with velocity vector (0, 0)
2025-12-24T09:49:32.922821268-05:00 - INFO - Received position for player.
2025-12-24T09:49:32.922851187-05:00 - INFO - Received position message for id 0: (198.00058, 23.0401) with velocity vector (5, -5)
2025-12-24T09:49:32.922884871-05:00 - INFO - Received position message for id 1: (290, 25) with velocity vector (0, 0)
2025-12-24T09:49:32.922907593-05:00 - INFO - Received position for player.
2025-12-24T09:49:32.925807962-05:00 - INFO - Received position message for id 0: (198.0806, 22.960081) with velocity vector (5, -5)
2025-12-24T09:49:32.936798587-05:00 - INFO - Received position message for id 1: (290, 25) with velocity vector (0, 0)
2025-12-24T09:49:32.936856859-05:00 - INFO - Received position for player.
2025-12-24T09:49:32.941779264-05:00 - INFO - Received position message for id 0: (198.16063, 22.880054) with velocity vector (5, -5)
2025-12-24T09:49:32.953173361-05:00 - INFO - Received position message for id 1: (290, 25) with velocity vector (0, 0)
2025-12-24T09:49:32.953212717-05:00 - INFO - Received position for player.
2025-12-24T09:49:32.957806871-05:00 - INFO - Received position message for id 0: (198.24063, 22.80005) with velocity vector (5, -5)
2025-12-24T09:49:32.967597976-05:00 - INFO - Received position message for id 1: (290, 25) with velocity vector (0, 0)
2025-12-24T09:49:32.967631785-05:00 - INFO - Received position for player.
2025-12-24T09:49:32.973805989-05:00 - INFO - Received position message for id 0: (198.32063, 22.720055) with velocity vector (5, -5)
2025-12-24T09:49:32.984008442-05:00 - INFO - Received position message for id 1: (290, 25) with velocity vector (0, 0)
2025-12-24T09:49:32.984046126-05:00 - INFO - Received position for player.
2025-12-24T09:49:32.989811330-05:00 - INFO - Received position message for id 0: (198.40062, 22.640062) with velocity vector (5, -5)
2025-12-24T09:49:32.999620648-05:00 - INFO - Received position message for id 1: (290, 25) with velocity vector (0, 0)
2025-12-24T09:49:32.999662746-05:00 - INFO - Received position for player.
2025-12-24T09:49:33.005820832-05:00 - INFO - Received position message for id 0: (198.48073, 22.559958) with velocity vector (5, -5)
2025-12-24T09:49:33.021375242-05:00 - INFO - Received position message for id 1: (290, 25) with velocity vector (0, 0)
2025-12-24T09:49:33.021414955-05:00 - INFO - Received position for player.
2025-12-24T09:49:33.021782863-05:00 - INFO - Received position message for id 0: (198.56061, 22.480078) with velocity vector (5, -5)
2025-12-24T09:49:33.031890915-05:00 - INFO - Received position message for id 1: (290, 25) with velocity vector (0, 0)
2025-12-24T09:49:33.031945084-05:00 - INFO - Received position for player.
2025-12-24T09:49:33.037815234-05:00 - INFO - Received position message for id 0: (198.64063, 22.400059) with velocity vector (5, -5)
2025-12-24T09:49:33.047578788-05:00 - INFO - Received position message for id 1: (290, 25) with velocity vector (0, 0)
2025-12-24T09:49:33.047613037-05:00 - INFO - Received position for player.
2025-12-24T09:49:33.053807765-05:00 - INFO - Received position message for id 0: (198.72064, 22.320042) with velocity vector (5, -5)
2025-12-24T09:49:33.063486304-05:00 - INFO - Received position message for id 1: (290, 25) with velocity vector (0, 0)
2025-12-24T09:49:33.063530223-05:00 - INFO - Received position for player.
2025-12-24T09:49:33.069834008-05:00 - INFO - Received position message for id 0: (198.80077, 22.239925) with velocity vector (5, -5)
2025-12-24T09:49:33.085891901-05:00 - INFO - Received position message for id 1: (290, 25) with velocity vector (0, 0)
2025-12-24T09:49:33.099171660-05:00 - INFO - Received position for player.
2025-12-24T09:49:33.099232294-05:00 - INFO - Received position message for id 0: (198.8806, 22.160091) with velocity vector (5, -5)
2025-12-24T09:49:33.099269078-05:00 - INFO - Received position message for id 1: (290, 25) with velocity vector (0, 0)
2025-12-24T09:49:33.099291155-05:00 - INFO - Received position for player.
2025-12-24T09:49:33.101808084-05:00 - INFO - Received position message for id 0: (198.96062, 22.08007) with velocity vector (5, -5)
2025-12-24T09:49:33.111537600-05:00 - INFO - Received position message for id 1: (290, 25) with velocity vector (0, 0)
2025-12-24T09:49:33.111568888-05:00 - INFO - Received position for player.
2025-12-24T09:49:33.117830043-05:00 - INFO - Received position message for id 0: (199.04073, 21.999958) with velocity vector (5, -5)
2025-12-24T09:49:33.133547180-05:00 - INFO - Received position message for id 1: (290, 25) with velocity vector (0, 0)
2025-12-24T09:49:33.144115948-05:00 - INFO - Received position for player.
2025-12-24T09:49:33.144195606-05:00 - INFO - Received position message for id 0: (199.12062, 21.920057) with velocity vector (5, -5)
2025-12-24T09:49:33.144275040-05:00 - INFO - Received position message for id 1: (290, 25) with velocity vector (0, 0)
2025-12-24T09:49:33.144299589-05:00 - INFO - Received position for player.
2025-12-24T09:49:33.149822500-05:00 - INFO - Received position message for id 0: (199.2007, 21.839981) with velocity vector (5, -5)
2025-12-24T09:49:33.165654678-05:00 - INFO - Received position message for id 1: (290, 25) with velocity vector (0, 0)
2025-12-24T09:49:33.179205750-05:00 - INFO - Received position for player.
2025-12-24T09:49:33.179262381-05:00 - INFO - Received position message for id 0: (199.28061, 21.760078) with velocity vector (5, -5)
2025-12-24T09:49:33.179325455-05:00 - INFO - Received position message for id 1: (290, 25) with velocity vector (0, 0)
2025-12-24T09:49:33.179346471-05:00 - INFO - Received position for player.
2025-12-24T09:49:33.181809758-05:00 - INFO - Received position message for id 0: (199.36061, 21.680079) with velocity vector (5, -5)
2025-12-24T09:49:33.191098475-05:00 - INFO - Received position message for id 1: (290, 25) with velocity vector (0, 0)
2025-12-24T09:49:33.191143076-05:00 - INFO - Received position for player.
2025-12-24T09:49:33.197781733-05:00 - INFO - Received position message for id 0: (199.4406, 21.60009) with velocity vector (5, -5)
2025-12-24T09:49:33.206693532-05:00 - INFO - Received position message for id 1: (290, 25) with velocity vector (0, 0)
2025-12-24T09:49:33.206722623-05:00 - INFO - Received position for player.
2025-12-24T09:49:33.213823714-05:00 - INFO - Received position message for id 0: (199.52063, 21.52006) with velocity vector (5, -5)
2025-12-24T09:49:33.223692857-05:00 - INFO - Received position message for id 1: (290, 25) with velocity vector (0, 0)
2025-12-24T09:49:33.223735802-05:00 - INFO - Received position for player.
2025-12-24T09:49:33.229810504-05:00 - INFO - Received position message for id 0: (199.60063, 21.440065) with velocity vector (5, -5)
2025-12-24T09:49:33.239819568-05:00 - INFO - Received position message for id 1: (290, 25) with velocity vector (0, 0)
2025-12-24T09:49:33.239864087-05:00 - INFO - Received position for player.
2025-12-24T09:49:33.245786193-05:00 - INFO - Received position message for id 0: (199.68062, 21.360077) with velocity vector (5, -5)
2025-12-24T09:49:33.254789892-05:00 - INFO - Received position message for id 1: (290, 25) with velocity vector (0, 0)
2025-12-24T09:49:33.254822609-05:00 - INFO - Received position for player.
2025-12-24T09:49:33.261812074-05:00 - INFO - Received position message for id 0: (199.76064, 21.280066) with velocity vector (5, -5)
2025-12-24T09:49:33.271464927-05:00 - INFO - Received position message for id 1: (290, 25) with velocity vector (0, 0)
2025-12-24T09:49:33.271500497-05:00 - INFO - Received position for player.
2025-12-24T09:49:33.277787190-05:00 - INFO - Received position message for id 0: (199.84062, 21.200073) with velocity vector (5, -5)
2025-12-24T09:49:33.288146341-05:00 - INFO - Received position message for id 1: (290, 25) with velocity vector (0, 0)
2025-12-24T09:49:33.288186633-05:00 - INFO - Received position for player.
2025-12-24T09:49:33.293953268-05:00 - INFO - Received position message for id 0: (199.92062, 21.120071) with velocity vector (5, -5)
2025-12-24T09:49:33.303351197-05:00 - INFO - Received position message for id 1: (290, 25) with velocity vector (0, 0)
2025-12-24T09:49:33.303383259-05:00 - INFO - Received position for player.
2025-12-24T09:49:33.309800169-05:00 - INFO - Received position message for id 0: (200.00063, 21.040068) with velocity vector (5, -5)
2025-12-24T09:49:33.320008240-05:00 - INFO - Received position message for id 1: (290, 25) with velocity vector (0, 0)
2025-12-24T09:49:33.320044513-05:00 - INFO - Received position for player.
2025-12-24T09:49:33.325842151-05:00 - INFO - Received position message for id 0: (200.08063, 20.96007) with velocity vector (5, -5)
2025-12-24T09:49:33.335265033-05:00 - INFO - Received position message for id 1: (290, 25) with velocity vector (0, 0)
2025-12-24T09:49:33.335299909-05:00 - INFO - Received position for player.
2025-12-24T09:49:33.341800422-05:00 - INFO - Received position message for id 0: (200.16063, 20.880066) with velocity vector (5, -5)
2025-12-24T09:49:33.352158731-05:00 - INFO - Received position message for id 1: (290, 25) with velocity vector (0, 0)
2025-12-24T09:49:33.352224231-05:00 - INFO - Received position for player.
2025-12-24T09:49:33.357818517-05:00 - INFO - Received position message for id 0: (200.24066, 20.80004) with velocity vector (5, -5)
2025-12-24T09:49:33.367895666-05:00 - INFO - Received position message for id 1: (290, 25) with velocity vector (0, 0)
2025-12-24T09:49:33.367931909-05:00 - INFO - Received position for player.
2025-12-24T09:49:33.373902414-05:00 - INFO - Received position message for id 0: (200.32065, 20.720047) with velocity vector (5, -5)
2025-12-24T09:49:33.383215797-05:00 - INFO - Received position message for id 1: (290, 25) with velocity vector (0, 0)
2025-12-24T09:49:33.383259543-05:00 - INFO - Received position for player.
2025-12-24T09:49:33.389827034-05:00 - INFO - Received position message for id 0: (200.40065, 20.640049) with velocity vector (5, -5)
2025-12-24T09:49:33.399429280-05:00 - INFO - Received position message for id 1: (290, 25) with velocity vector (0, 0)
2025-12-24T09:49:33.399465271-05:00 - INFO - Received position for player.
2025-12-24T09:49:33.405843855-05:00 - INFO - Received position message for id 0: (200.48065, 20.56005) with velocity vector (5, -5)
2025-12-24T09:49:33.416074402-05:00 - INFO - Received position message for id 1: (290, 25) with velocity vector (0, 0)
2025-12-24T09:49:33.416113507-05:00 - INFO - Received position for player.
2025-12-24T09:49:33.421827908-05:00 - INFO - Received position message for id 0: (200.56076, 20.479944) with velocity vector (5, -5)
2025-12-24T09:49:33.437436392-05:00 - INFO - Received position message for id 1: (290, 25) with velocity vector (0, 0)
2025-12-24T09:49:33.451308773-05:00 - INFO - Received position for player.
2025-12-24T09:49:33.451366540-05:00 - INFO - Received position message for id 0: (200.6406, 20.400106) with velocity vector (5, -5)
2025-12-24T09:49:33.451405081-05:00 - INFO - Received position message for id 1: (290, 25) with velocity vector (0, 0)
2025-12-24T09:49:33.451424939-05:00 - INFO - Received position for player.
2025-12-24T09:49:33.453822816-05:00 - INFO - Received position message for id 0: (200.72061, 20.320086) with velocity vector (5, -5)
2025-12-24T09:49:33.465537855-05:00 - INFO - Received position message for id 1: (290, 25) with velocity vector (0, 0)
2025-12-24T09:49:33.465579090-05:00 - INFO - Received position for player.
2025-12-24T09:49:33.469829119-05:00 - INFO - Received position message for id 0: (200.80063, 20.240065) with velocity vector (5, -5)
2025-12-24T09:49:33.481632873-05:00 - INFO - Received position message for id 1: (290, 25) with velocity vector (0, 0)
2025-12-24T09:49:33.481673261-05:00 - INFO - Received position for player.
2025-12-24T09:49:33.485818496-05:00 - INFO - Received position message for id 0: (200.88063, 20.160057) with velocity vector (5, -5)
2025-12-24T09:49:33.495651565-05:00 - INFO - Received position message for id 1: (290, 25) with velocity vector (0, 0)
2025-12-24T09:49:33.495687576-05:00 - INFO - Received position for player.
2025-12-24T09:49:33.501786133-05:00 - INFO - Received position message for id 0: (200.96062, 20.080065) with velocity vector (5, -5)
2025-12-24T09:49:33.511972779-05:00 - INFO - Received position message for id 1: (290, 25) with velocity vector (0, 0)
2025-12-24T09:49:33.512007399-05:00 - INFO - Received position for player.
2025-12-24T09:49:33.517844324-05:00 - INFO - Received position message for id 0: (201.04063, 20.000048) with velocity vector (5, -5)
2025-12-24T09:49:33.530140479-05:00 - INFO - Received position message for id 1: (290, 25) with velocity vector (0, 0)
2025-12-24T09:49:33.530184571-05:00 - INFO - Received position for player.
2025-12-24T09:49:33.533815018-05:00 - INFO - Received position message for id 0: (201.12062, 19.92006) with velocity vector (5, -5)
2025-12-24T09:49:33.542994879-05:00 - INFO - Received position message for id 1: (290, 25) with velocity vector (0, 0)
2025-12-24T09:49:33.543028684-05:00 - INFO - Received position for player.
2025-12-24T09:49:33.549841830-05:00 - INFO - Received position message for id 0: (201.20062, 19.840054) with velocity vector (5, -5)
2025-12-24T09:49:33.559033276-05:00 - INFO - Received position message for id 1: (290, 25) with velocity vector (0, 0)
2025-12-24T09:49:33.559068484-05:00 - INFO - Received position for player.
2025-12-24T09:49:33.565807539-05:00 - INFO - Received position message for id 0: (201.28062, 19.76005) with velocity vector (5, -5)
2025-12-24T09:49:33.575835280-05:00 - INFO - Received position message for id 1: (290, 25) with velocity vector (0, 0)
2025-12-24T09:49:33.575875355-05:00 - INFO - Received position for player.
2025-12-24T09:49:33.581842913-05:00 - INFO - Received position message for id 0: (201.36061, 19.680058) with velocity vector (5, -5)
2025-12-24T09:49:33.594241730-05:00 - INFO - Received position message for id 1: (290, 25) with velocity vector (0, 0)
2025-12-24T09:49:33.594285878-05:00 - INFO - Received position for player.
2025-12-24T09:49:33.597808720-05:00 - INFO - Received position message for id 0: (201.44061, 19.600052) with velocity vector (5, -5)
2025-12-24T09:49:33.607613898-05:00 - INFO - Received position message for id 1: (290, 25) with velocity vector (0, 0)
2025-12-24T09:49:33.607657527-05:00 - INFO - Received position for player.
2025-12-24T09:49:33.613827878-05:00 - INFO - Received position message for id 0: (201.5206, 19.520061) with velocity vector (5, -5)
2025-12-24T09:49:33.625026976-05:00 - INFO - Received position message for id 1: (290, 25) with velocity vector (0, 0)
2025-12-24T09:49:33.625066908-05:00 - INFO - Received position for player.
2025-12-24T09:49:33.629807505-05:00 - INFO - Received position message for id 0: (201.6006, 19.440063) with velocity vector (5, -5)
2025-12-24T09:49:33.639786453-05:00 - INFO - Received position message for id 1: (290, 25) with velocity vector (0, 0)
2025-12-24T09:49:33.639828461-05:00 - INFO - Received position for player.
2025-12-24T09:49:33.645824061-05:00 - INFO - Received position message for id 0: (201.6806, 19.360065) with velocity vector (5, -5)
2025-12-24T09:49:33.655839169-05:00 - INFO - Received position message for id 1: (290, 25) with velocity vector (0, 0)
2025-12-24T09:49:33.655875488-05:00 - INFO - Received position for player.
2025-12-24T09:49:33.661807296-05:00 - INFO - Received position message for id 0: (201.7606, 19.28006) with velocity vector (5, -5)
2025-12-24T09:49:33.671415079-05:00 - INFO - Received position message for id 1: (290, 25) with velocity vector (0, 0)
2025-12-24T09:49:33.671450373-05:00 - INFO - Received position for player.
2025-12-24T09:49:33.677816079-05:00 - INFO - Received position message for id 0: (201.84058, 19.200083) with velocity vector (5, -5)
2025-12-24T09:49:33.687269560-05:00 - INFO - Received position message for id 1: (290, 25) with velocity vector (0, 0)
2025-12-24T09:49:33.687311340-05:00 - INFO - Received position for player.
2025-12-24T09:49:33.693818419-05:00 - INFO - Received position message for id 0: (201.92058, 19.120079) with velocity vector (5, -5)
2025-12-24T09:49:33.703513640-05:00 - INFO - Received position message for id 1: (290, 25) with velocity vector (0, 0)
2025-12-24T09:49:33.703553907-05:00 - INFO - Received position for player.
2025-12-24T09:49:33.709817566-05:00 - INFO - Received position message for id 0: (202.0006, 19.040066) with velocity vector (5, -5)
2025-12-24T09:49:33.718998874-05:00 - INFO - Received position message for id 1: (290, 25) with velocity vector (0, 0)
2025-12-24T09:49:33.719057302-05:00 - INFO - Received position for player.
2025-12-24T09:49:33.725860861-05:00 - INFO - Received position message for id 0: (202.08073, 18.959929) with velocity vector (5, -5)
2025-12-24T09:49:33.741595847-05:00 - INFO - Received position message for id 1: (290, 25) with velocity vector (0, 0)
2025-12-24T09:49:33.758930322-05:00 - INFO - Received position for player.
2025-12-24T09:49:33.759013643-05:00 - INFO - Received position message for id 0: (202.16084, 18.879822) with velocity vector (5, -5)
2025-12-24T09:49:33.759145160-05:00 - INFO - Received position message for id 1: (290, 25) with velocity vector (0, 0)
2025-12-24T09:49:33.776370276-05:00 - INFO - Received position for player.
2025-12-24T09:49:33.776499515-05:00 - INFO - Received position message for id 0: (202.24066, 18.800005) with velocity vector (5, -5)
2025-12-24T09:49:33.793839194-05:00 - INFO - Received position message for id 1: (290, 25) with velocity vector (0, 0)
2025-12-24T09:49:33.811136189-05:00 - INFO - Received position for player.
2025-12-24T09:49:33.811246786-05:00 - INFO - Received position message for id 0: (202.32068, 18.719992) with velocity vector (5, -5)
2025-12-24T09:49:33.828506618-05:00 - INFO - Received position message for id 1: (290, 25) with velocity vector (0, 0)
2025-12-24T09:49:33.845886519-05:00 - INFO - Received position for player.
2025-12-24T09:49:33.845969040-05:00 - INFO - Received position message for id 0: (202.4007, 18.639973) with velocity vector (5, -5)
2025-12-24T09:49:33.863294642-05:00 - INFO - Received position message for id 1: (290, 25) with velocity vector (0, 0)
2025-12-24T09:49:33.880592087-05:00 - INFO - Received position for player.
2025-12-24T09:49:33.880682348-05:00 - INFO - Received position message for id 0: (202.48071, 18.559963) with velocity vector (5, -5)
2025-12-24T09:49:33.881871729-05:00 - INFO - Received position message for id 1: (290, 25) with velocity vector (0, 0)
2025-12-24T09:49:33.892663331-05:00 - INFO - Received position for player.
2025-12-24T09:49:33.892737946-05:00 - INFO - Received position message for id 0: (202.56073, 18.479952) with velocity vector (5, -5)
2025-12-24T09:49:33.903466433-05:00 - INFO - Received position message for id 1: (290, 25) with velocity vector (0, 0)
2025-12-24T09:49:33.914041129-05:00 - INFO - Received position for player.
2025-12-24T09:49:33.914107591-05:00 - INFO - Received position message for id 0: (202.64073, 18.39995) with velocity vector (5, -5)
2025-12-24T09:49:33.914145352-05:00 - INFO - Received position message for id 1: (290, 25) with velocity vector (0, 0)
2025-12-24T09:49:33.914168688-05:00 - INFO - Received position for player.
2025-12-24T09:49:33.914194954-05:00 - INFO - Received position message for id 0: (202.72073, 18.319952) with velocity vector (5, -5)
2025-12-24T09:49:33.914225447-05:00 - INFO - Received position message for id 1: (290, 25) with velocity vector (0, 0)
2025-12-24T09:49:33.914248281-05:00 - INFO - Received position for player.
2025-12-24T09:49:33.914277049-05:00 - INFO - Received position message for id 0: (202.80072, 18.23996) with velocity vector (5, -5)
2025-12-24T09:49:33.914309183-05:00 - INFO - Received position message for id 1: (290, 25) with velocity vector (0, 0)
2025-12-24T09:49:33.914331514-05:00 - INFO - Received position for player.
2025-12-24T09:49:33.914361124-05:00 - INFO - Received position message for id 0: (202.8806, 18.160078) with velocity vector (5, -5)
2025-12-24T09:49:33.914393493-05:00 - INFO - Received position message for id 1: (290, 25) with velocity vector (0, 0)
2025-12-24T09:49:33.914415728-05:00 - INFO - Received position for player.
2025-12-24T09:49:33.914439974-05:00 - INFO - Received position message for id 0: (202.96059, 18.080084) with velocity vector (5, -5)
2025-12-24T09:49:33.914471685-05:00 - INFO - Received position message for id 1: (290, 25) with velocity vector (0, 0)
2025-12-24T09:49:33.914496007-05:00 - INFO - Received position for player.
2025-12-24T09:49:33.917774396-05:00 - INFO - Received position message for id 0: (203.04057, 18.000095) with velocity vector (5, -5)
2025-12-24T09:49:33.926646086-05:00 - INFO - Received position message for id 1: (290, 25) with velocity vector (0, 0)
2025-12-24T09:49:33.926707836-05:00 - INFO - Received position for player.
2025-12-24T09:49:33.933798918-05:00 - INFO - Received position message for id 0: (203.12057, 17.920095) with velocity vector (5, -5)
2025-12-24T09:49:33.949986781-05:00 - INFO - Received position message for id 1: (290, 25) with velocity vector (0, 0)
2025-12-24T09:49:33.960980721-05:00 - INFO - Received position for player.
2025-12-24T09:49:33.961023650-05:00 - INFO - Received position message for id 0: (203.20074, 17.839933) with velocity vector (5, -5)
2025-12-24T09:49:33.961060482-05:00 - INFO - Received position message for id 1: (290, 25) with velocity vector (0, 0)
2025-12-24T09:49:33.961092239-05:00 - INFO - Received position for player.
2025-12-24T09:49:33.965785657-05:00 - INFO - Received position message for id 0: (203.28061, 17.760065) with velocity vector (5, -5)
2025-12-24T09:49:33.974976572-05:00 - INFO - Received position message for id 1: (290, 25) with velocity vector (0, 0)
2025-12-24T09:49:33.975044424-05:00 - INFO - Received position for player.
2025-12-24T09:49:33.981822081-05:00 - INFO - Received position message for id 0: (203.36063, 17.680056) with velocity vector (5, -5)
2025-12-24T09:49:33.990684887-05:00 - INFO - Received position message for id 1: (290, 25) with velocity vector (0, 0)
2025-12-24T09:49:33.990715077-05:00 - INFO - Received position for player.
2025-12-24T09:49:33.997812109-05:00 - INFO - Received position message for id 0: (203.44061, 17.60007) with velocity vector (5, -5)
2025-12-24T09:49:34.008567699-05:00 - INFO - Received position message for id 1: (290, 25) with velocity vector (0, 0)
2025-12-24T09:49:34.008605356-05:00 - INFO - Received position for player.
2025-12-24T09:49:34.013869558-05:00 - INFO - Received position message for id 0: (203.52063, 17.520056) with velocity vector (5, -5)
2025-12-24T09:49:34.023135241-05:00 - INFO - Received position message for id 1: (290, 25) with velocity vector (0, 0)
2025-12-24T09:49:34.023173213-05:00 - INFO - Received position for player.
2025-12-24T09:49:34.029813611-05:00 - INFO - Received position message for id 0: (203.60062, 17.440073) with velocity vector (5, -5)
2025-12-24T09:49:34.038965566-05:00 - INFO - Received position message for id 1: (290, 25) with velocity vector (0, 0)
2025-12-24T09:49:34.038997200-05:00 - INFO - Received position for player.
2025-12-24T09:49:34.045832361-05:00 - INFO - Received position message for id 0: (203.68063, 17.360054) with velocity vector (5, -5)
2025-12-24T09:49:34.056285471-05:00 - INFO - Received position message for id 1: (290, 25) with velocity vector (0, 0)
2025-12-24T09:49:34.056324600-05:00 - INFO - Received position for player.
2025-12-24T09:49:34.061805052-05:00 - INFO - Received position message for id 0: (203.76062, 17.28006) with velocity vector (5, -5)
2025-12-24T09:49:34.071741065-05:00 - INFO - Received position message for id 1: (290, 25) with velocity vector (0, 0)
2025-12-24T09:49:34.071774832-05:00 - INFO - Received position for player.
2025-12-24T09:49:34.077785001-05:00 - INFO - Received position message for id 0: (203.8406, 17.20007) with velocity vector (5, -5)
2025-12-24T09:49:34.088351748-05:00 - INFO - Received position message for id 1: (290, 25) with velocity vector (0, 0)
2025-12-24T09:49:34.088389855-05:00 - INFO - Received position for player.
2025-12-24T09:49:34.093818007-05:00 - INFO - Received position message for id 0: (203.92062, 17.120049) with velocity vector (5, -5)
2025-12-24T09:49:34.103389574-05:00 - INFO - Received position message for id 1: (290, 25) with velocity vector (0, 0)
2025-12-24T09:49:34.103423704-05:00 - INFO - Received position for player.
2025-12-24T09:49:34.109805805-05:00 - INFO - Received position message for id 0: (204.0006, 17.040073) with velocity vector (5, -5)
2025-12-24T09:49:34.119832414-05:00 - INFO - Received position message for id 1: (290, 25) with velocity vector (0, 0)
2025-12-24T09:49:34.119864736-05:00 - INFO - Received position for player.
2025-12-24T09:49:34.125814419-05:00 - INFO - Received position message for id 0: (204.08061, 16.96006) with velocity vector (5, -5)
2025-12-24T09:49:34.135419712-05:00 - INFO - Received position message for id 1: (290, 25) with velocity vector (0, 0)
2025-12-24T09:49:34.135451584-05:00 - INFO - Received position for player.
2025-12-24T09:49:34.141816405-05:00 - INFO - Received position message for id 0: (204.16063, 16.880045) with velocity vector (5, -5)
2025-12-24T09:49:34.150974946-05:00 - INFO - Received position message for id 1: (290, 25) with velocity vector (0, 0)
2025-12-24T09:49:34.151007026-05:00 - INFO - Received position for player.
2025-12-24T09:49:34.157827042-05:00 - INFO - Received position message for id 0: (204.2406, 16.80007) with velocity vector (5, -5)
2025-12-24T09:49:34.167873665-05:00 - INFO - Received position message for id 1: (290, 25) with velocity vector (0, 0)
2025-12-24T09:49:34.167915927-05:00 - INFO - Received position for player.
2025-12-24T09:49:34.173809228-05:00 - INFO - Received position message for id 0: (204.3206, 16.72007) with velocity vector (5, -5)
2025-12-24T09:49:34.183973681-05:00 - INFO - Received position message for id 1: (290, 25) with velocity vector (0, 0)
2025-12-24T09:49:34.184008570-05:00 - INFO - Received position for player.
2025-12-24T09:49:34.189834435-05:00 - INFO - Received position message for id 0: (204.40062, 16.640059) with velocity vector (5, -5)
2025-12-24T09:49:34.198629495-05:00 - INFO - Received position message for id 1: (290, 25) with velocity vector (0, 0)
2025-12-24T09:49:34.198684087-05:00 - INFO - Received position for player.
2025-12-24T09:49:34.205816552-05:00 - INFO - Received position message for id 0: (204.48064, 16.560041) with velocity vector (5, -5)
2025-12-24T09:49:34.214883657-05:00 - INFO - Received position message for id 1: (290, 25) with velocity vector (0, 0)
2025-12-24T09:49:34.214909979-05:00 - INFO - Received position for player.
2025-12-24T09:49:34.221835702-05:00 - INFO - Received position message for id 0: (204.56062, 16.480055) with velocity vector (5, -5)
2025-12-24T09:49:34.231761702-05:00 - INFO - Received position message for id 1: (290, 25) with velocity vector (0, 0)
2025-12-24T09:49:34.231793398-05:00 - INFO - Received position for player.
2025-12-24T09:49:34.237799006-05:00 - INFO - Received position message for id 0: (204.64061, 16.40006) with velocity vector (5, -5)
2025-12-24T09:49:34.247395080-05:00 - INFO - Received position message for id 1: (290, 25) with velocity vector (0, 0)
2025-12-24T09:49:34.247426945-05:00 - INFO - Received position for player.
2025-12-24T09:49:34.253843540-05:00 - INFO - Received position message for id 0: (204.72066, 16.320017) with velocity vector (5, -5)
2025-12-24T09:49:34.262914110-05:00 - INFO - Received position message for id 1: (290, 25) with velocity vector (0, 0)
2025-12-24T09:49:34.262983221-05:00 - INFO - Received position for player.
2025-12-24T09:49:34.269832495-05:00 - INFO - Received position message for id 0: (204.80069, 16.239977) with velocity vector (5, -5)
2025-12-24T09:49:34.279405990-05:00 - INFO - Received position message for id 1: (290, 25) with velocity vector (0, 0)
2025-12-24T09:49:34.279444742-05:00 - INFO - Received position for player.
2025-12-24T09:49:34.285805107-05:00 - INFO - Received position message for id 0: (204.88062, 16.160046) with velocity vector (5, -5)
2025-12-24T09:49:34.294945475-05:00 - INFO - Received position message for id 1: (290, 25) with velocity vector (0, 0)
2025-12-24T09:49:34.294979777-05:00 - INFO - Received position for player.
2025-12-24T09:49:34.301818669-05:00 - INFO - Received position message for id 0: (204.9606, 16.08006) with velocity vector (5, -5)
2025-12-24T09:49:34.310910519-05:00 - INFO - Received position message for id 1: (290, 25) with velocity vector (0, 0)
2025-12-24T09:49:34.310947040-05:00 - INFO - Received position for player.
2025-12-24T09:49:34.317820467-05:00 - INFO - Received position message for id 0: (205.04068, 15.999973) with velocity vector (5, -5)
2025-12-24T09:49:34.333222681-05:00 - INFO - Received position message for id 1: (290, 25) with velocity vector (0, 0)
2025-12-24T09:49:34.343562544-05:00 - INFO - Received position for player.
2025-12-24T09:49:34.343612259-05:00 - INFO - Received position message for id 0: (205.12057, 15.920084) with velocity vector (5, -5)
2025-12-24T09:49:34.343645066-05:00 - INFO - Received position message for id 1: (290, 25) with velocity vector (0, 0)
2025-12-24T09:49:34.343670268-05:00 - INFO - Received position for player.
2025-12-24T09:49:34.349804725-05:00 - INFO - Received position message for id 0: (205.20059, 15.840071) with velocity vector (5, -5)
2025-12-24T09:49:34.359170981-05:00 - INFO - Received position message for id 1: (290, 25) with velocity vector (0, 0)
2025-12-24T09:49:34.359212066-05:00 - INFO - Received position for player.
2025-12-24T09:49:34.365837604-05:00 - INFO - Received position message for id 0: (205.28072, 15.75995) with velocity vector (5, -5)
2025-12-24T09:49:34.381388631-05:00 - INFO - Received position message for id 1: (290, 25) with velocity vector (0, 0)
2025-12-24T09:49:34.381419961-05:00 - INFO - Received position for player.
2025-12-24T09:49:34.381780771-05:00 - INFO - Received position message for id 0: (205.36058, 15.680084) with velocity vector (5, -5)
2025-12-24T09:49:34.391799266-05:00 - INFO - Received position message for id 1: (290, 25) with velocity vector (0, 0)
2025-12-24T09:49:34.391851128-05:00 - INFO - Received position for player.
2025-12-24T09:49:34.397846799-05:00 - INFO - Received position message for id 0: (205.44061, 15.600056) with velocity vector (5, -5)
2025-12-24T09:49:34.407302340-05:00 - INFO - Received position message for id 1: (290, 25) with velocity vector (0, 0)
2025-12-24T09:49:34.407358968-05:00 - INFO - Received position for player.
2025-12-24T09:49:34.413822407-05:00 - INFO - Received position message for id 0: (205.5206, 15.520064) with velocity vector (5, -5)
2025-12-24T09:49:34.422941084-05:00 - INFO - Received position message for id 1: (290, 25) with velocity vector (0, 0)
2025-12-24T09:49:34.422974395-05:00 - INFO - Received position for player.
2025-12-24T09:49:34.429793994-05:00 - INFO - Received position message for id 0: (205.60059, 15.440076) with velocity vector (5, -5)
2025-12-24T09:49:34.439594097-05:00 - INFO - Received position message for id 1: (290, 25) with velocity vector (0, 0)
2025-12-24T09:49:34.439631779-05:00 - INFO - Received position for player.
2025-12-24T09:49:34.445816350-05:00 - INFO - Received position message for id 0: (205.6806, 15.360059) with velocity vector (5, -5)
2025-12-24T09:49:34.455067789-05:00 - INFO - Received position message for id 1: (290, 25) with velocity vector (0, 0)
2025-12-24T09:49:34.455100349-05:00 - INFO - Received position for player.
2025-12-24T09:49:34.461806489-05:00 - INFO - Received position message for id 0: (205.7606, 15.280057) with velocity vector (5, -5)
2025-12-24T09:49:34.471113774-05:00 - INFO - Received position message for id 1: (290, 25) with velocity vector (0, 0)
2025-12-24T09:49:34.471148888-05:00 - INFO - Received position for player.
2025-12-24T09:49:34.477815921-05:00 - INFO - Received position message for id 0: (205.84059, 15.200072) with velocity vector (5, -5)
2025-12-24T09:49:34.487345017-05:00 - INFO - Received position message for id 1: (290, 25) with velocity vector (0, 0)
2025-12-24T09:49:34.487379499-05:00 - INFO - Received position for player.
2025-12-24T09:49:34.493877065-05:00 - INFO - Received position message for id 0: (205.92072, 15.119956) with velocity vector (5, -5)
2025-12-24T09:49:34.509725877-05:00 - INFO - Received position message for id 1: (290, 25) with velocity vector (0, 0)
2025-12-24T09:49:34.526966175-05:00 - INFO - Received position for player.
2025-12-24T09:49:34.527014914-05:00 - INFO - Received position message for id 0: (206.00078, 15.03989) with velocity vector (5, -5)
2025-12-24T09:49:34.544235996-05:00 - INFO - Received position message for id 1: (290, 25) with velocity vector (0, 0)
2025-12-24T09:49:34.561348326-05:00 - INFO - Received position for player.
2025-12-24T09:49:34.561397481-05:00 - INFO - Received position message for id 0: (206.08067, 14.959988) with velocity vector (5, -5)
2025-12-24T09:49:34.578631475-05:00 - INFO - Received position message for id 1: (290, 25) with velocity vector (0, 0)
2025-12-24T09:49:34.588771390-05:00 - INFO - Received position for player.
2025-12-24T09:49:34.588846876-05:00 - INFO - Received position message for id 0: (206.16069, 14.879974) with velocity vector (5, -5)
2025-12-24T09:49:34.606020711-05:00 - INFO - Received position message for id 1: (290, 25) with velocity vector (0, 0)
2025-12-24T09:49:34.623213343-05:00 - INFO - Received position for player.
2025-12-24T09:49:34.623285901-05:00 - INFO - Received position message for id 0: (206.2407, 14.799961) with velocity vector (5, -5)
2025-12-24T09:49:34.640483490-05:00 - INFO - Received position message for id 1: (290, 25) with velocity vector (0, 0)
2025-12-24T09:49:34.657651833-05:00 - INFO - Received position for player.
2025-12-24T09:49:34.657723470-05:00 - INFO - Received position message for id 0: (206.32071, 14.719955) with velocity vector (5, -5)
2025-12-24T09:49:34.674938016-05:00 - INFO - Received position message for id 1: (290, 25) with velocity vector (0, 0)
2025-12-24T09:49:34.692165811-05:00 - INFO - Received position for player.
2025-12-24T09:49:34.692234340-05:00 - INFO - Received position message for id 0: (206.40071, 14.63995) with velocity vector (5, -5)
2025-12-24T09:49:34.709410100-05:00 - INFO - Received position message for id 1: (290, 25) with velocity vector (0, 0)
2025-12-24T09:49:34.727244593-05:00 - INFO - Received position for player.
2025-12-24T09:49:34.727446771-05:00 - INFO - Received position message for id 0: (206.4807, 14.559957) with velocity vector (5, -5)
2025-12-24T09:49:34.741826058-05:00 - INFO - Received position message for id 1: (290, 25) with velocity vector (0, 0)
2025-12-24T09:49:34.755285547-05:00 - INFO - Received position for player.
2025-12-24T09:49:34.755353682-05:00 - INFO - Received position message for id 0: (206.5607, 14.479949) with velocity vector (5, -5)
2025-12-24T09:49:34.755381243-05:00 - INFO - Received position message for id 1: (290, 25) with velocity vector (0, 0)
2025-12-24T09:49:34.755399403-05:00 - INFO - Received position for player.
2025-12-24T09:49:34.755422796-05:00 - INFO - Received position message for id 0: (206.64069, 14.399962) with velocity vector (5, -5)
2025-12-24T09:49:34.765919554-05:00 - INFO - Received position message for id 1: (290, 25) with velocity vector (0, 0)
2025-12-24T09:49:34.776105441-05:00 - INFO - Received position for player.
2025-12-24T09:49:34.776171029-05:00 - INFO - Received position message for id 0: (206.72069, 14.319954) with velocity vector (5, -5)
2025-12-24T09:49:34.776209951-05:00 - INFO - Received position message for id 1: (290, 25) with velocity vector (0, 0)
2025-12-24T09:49:34.776227587-05:00 - INFO - Received position for player.
2025-12-24T09:49:34.776245432-05:00 - INFO - Received position message for id 0: (206.80067, 14.239968) with velocity vector (5, -5)
2025-12-24T09:49:34.776271246-05:00 - INFO - Received position message for id 1: (290, 25) with velocity vector (0, 0)
2025-12-24T09:49:34.776285773-05:00 - INFO - Received position for player.
2025-12-24T09:49:34.776307925-05:00 - INFO - Received position message for id 0: (206.88068, 14.159964) with velocity vector (5, -5)
2025-12-24T09:49:34.776330229-05:00 - INFO - Received position message for id 1: (290, 25) with velocity vector (0, 0)
2025-12-24T09:49:34.776344738-05:00 - INFO - Received position for player.
2025-12-24T09:49:34.776362163-05:00 - INFO - Received position message for id 0: (206.9607, 14.0799465) with velocity vector (5, -5)
2025-12-24T09:49:34.776382923-05:00 - INFO - Received position message for id 1: (290, 25) with velocity vector (0, 0)
2025-12-24T09:49:34.776398505-05:00 - INFO - Received position for player.
2025-12-24T09:49:34.776415642-05:00 - INFO - Received position message for id 0: (207.04068, 13.999966) with velocity vector (5, -5)
2025-12-24T09:49:34.776437285-05:00 - INFO - Received position message for id 1: (290, 25) with velocity vector (0, 0)
2025-12-24T09:49:34.776453187-05:00 - INFO - Received position for player.
2025-12-24T09:49:34.776470172-05:00 - INFO - Received position message for id 0: (207.1207, 13.919955) with velocity vector (5, -5)
2025-12-24T09:49:34.776490348-05:00 - INFO - Received position message for id 1: (290, 25) with velocity vector (0, 0)
2025-12-24T09:49:34.776504546-05:00 - INFO - Received position for player.
2025-12-24T09:49:34.776521157-05:00 - INFO - Received position message for id 0: (207.20059, 13.840059) with velocity vector (5, -5)
2025-12-24T09:49:34.776544872-05:00 - INFO - Received position message for id 1: (290, 25) with velocity vector (0, 0)
2025-12-24T09:49:34.776559763-05:00 - INFO - Received position for player.
2025-12-24T09:49:34.776578065-05:00 - INFO - Received position message for id 0: (207.28058, 13.760068) with velocity vector (5, -5)
2025-12-24T09:49:34.776599313-05:00 - INFO - Received position message for id 1: (290, 25) with velocity vector (0, 0)
2025-12-24T09:49:34.776613794-05:00 - INFO - Received position for player.
2025-12-24T09:49:34.781776686-05:00 - INFO - Received position message for id 0: (207.36058, 13.680061) with velocity vector (5, -5)
2025-12-24T09:49:34.794491992-05:00 - INFO - Received position message for id 1: (290, 25) with velocity vector (0, 0)
2025-12-24T09:49:34.794533679-05:00 - INFO - Received position for player.
2025-12-24T09:49:34.797804405-05:00 - INFO - Received position message for id 0: (207.44058, 13.600061) with velocity vector (5, -5)
2025-12-24T09:49:34.806872946-05:00 - INFO - Received position message for id 1: (290, 25) with velocity vector (0, 0)
2025-12-24T09:49:34.806933853-05:00 - INFO - Received position for player.
2025-12-24T09:49:34.813804119-05:00 - INFO - Received position message for id 0: (207.52055, 13.520082) with velocity vector (5, -5)
2025-12-24T09:49:34.829657029-05:00 - INFO - Received position message for id 1: (290, 25) with velocity vector (0, 0)
2025-12-24T09:49:34.847037105-05:00 - INFO - Received position for player.
2025-12-24T09:49:34.847121379-05:00 - INFO - Received position message for id 0: (207.60121, 13.439428) with velocity vector (5, -5)
2025-12-24T09:49:34.864465808-05:00 - INFO - Received position message for id 1: (290, 25) with velocity vector (0, 0)
2025-12-24T09:49:34.881799753-05:00 - INFO - Received position for player.
2025-12-24T09:49:34.881886876-05:00 - INFO - Received position message for id 0: (207.68062, 13.360014) with velocity vector (5, -5)
2025-12-24T09:49:34.899485629-05:00 - INFO - Received position message for id 1: (290, 25) with velocity vector (0, 0)
2025-12-24T09:49:34.916763639-05:00 - INFO - Received position for player.
2025-12-24T09:49:34.916857368-05:00 - INFO - Received position message for id 0: (207.76065, 13.279982) with velocity vector (5, -5)
2025-12-24T09:49:34.934308607-05:00 - INFO - Received position message for id 1: (290, 25) with velocity vector (0, 0)
2025-12-24T09:49:34.951671388-05:00 - INFO - Received position for player.
2025-12-24T09:49:34.951835071-05:00 - INFO - Received position message for id 0: (207.84065, 13.199985) with velocity vector (5, -5)
2025-12-24T09:49:34.969076664-05:00 - INFO - Received position message for id 1: (290, 25) with velocity vector (0, 0)
2025-12-24T09:49:34.986409884-05:00 - INFO - Received position for player.
2025-12-24T09:49:34.986509085-05:00 - INFO - Received position message for id 0: (207.92067, 13.119962) with velocity vector (5, -5)
2025-12-24T09:49:35.003738547-05:00 - INFO - Received position message for id 1: (290, 25) with velocity vector (0, 0)
2025-12-24T09:49:35.014429683-05:00 - INFO - Received position for player.
eceived position message for id 0: (204.3206, 16.72007) with velocity vector (5, -5)
2025-12-24T09:49:34.182518677-05:00 - INFO - Received position message for id 2: (290, 25) with velocity vector (0, 0)
2025-12-24T09:49:34.182571231-05:00 - INFO - Received position for player.
2025-12-24T09:49:34.189757386-05:00 - INFO - Received position message for id 0: (204.40062, 16.640059) with velocity vector (5, -5)
2025-12-24T09:49:34.198629469-05:00 - INFO - Received position message for id 2: (290, 25) with velocity vector (0, 0)
2025-12-24T09:49:34.198685412-05:00 - INFO - Received position for player.
2025-12-24T09:49:34.205780375-05:00 - INFO - Received position message for id 0: (204.48064, 16.560041) with velocity vector (5, -5)
2025-12-24T09:49:34.214543282-05:00 - INFO - Received position message for id 2: (290, 25) with velocity vector (0, 0)
2025-12-24T09:49:34.214605757-05:00 - INFO - Received position for player.
2025-12-24T09:49:34.221755712-05:00 - INFO - Received position message for id 0: (204.56062, 16.480055) with velocity vector (5, -5)
2025-12-24T09:49:34.230561516-05:00 - INFO - Received position message for id 2: (290, 25) with velocity vector (0, 0)
2025-12-24T09:49:34.230616136-05:00 - INFO - Received position for player.
2025-12-24T09:49:34.237754844-05:00 - INFO - Received position message for id 0: (204.64061, 16.40006) with velocity vector (5, -5)
2025-12-24T09:49:34.246528987-05:00 - INFO - Received position message for id 2: (290, 25) with velocity vector (0, 0)
2025-12-24T09:49:34.246580165-05:00 - INFO - Received position for player.
2025-12-24T09:49:34.253801611-05:00 - INFO - Received position message for id 0: (204.72066, 16.320017) with velocity vector (5, -5)
2025-12-24T09:49:34.262914315-05:00 - INFO - Received position message for id 2: (290, 25) with velocity vector (0, 0)
2025-12-24T09:49:34.262981803-05:00 - INFO - Received position for player.
2025-12-24T09:49:34.270171551-05:00 - INFO - Received position message for id 0: (204.80069, 16.239977) with velocity vector (5, -5)
2025-12-24T09:49:34.279328504-05:00 - INFO - Received position message for id 2: (290, 25) with velocity vector (0, 0)
2025-12-24T09:49:34.279393311-05:00 - INFO - Received position for player.
2025-12-24T09:49:34.285758423-05:00 - INFO - Received position message for id 0: (204.88062, 16.160046) with velocity vector (5, -5)
2025-12-24T09:49:34.294183912-05:00 - INFO - Received position message for id 2: (290, 25) with velocity vector (0, 0)
2025-12-24T09:49:34.294233794-05:00 - INFO - Received position for player.
2025-12-24T09:49:34.301759367-05:00 - INFO - Received position message for id 0: (204.9606, 16.08006) with velocity vector (5, -5)
2025-12-24T09:49:34.309884447-05:00 - INFO - Received position message for id 2: (290, 25) with velocity vector (0, 0)
2025-12-24T09:49:34.309935066-05:00 - INFO - Received position for player.
2025-12-24T09:49:34.317775116-05:00 - INFO - Received position message for id 0: (205.04068, 15.999973) with velocity vector (5, -5)
2025-12-24T09:49:34.331518595-05:00 - INFO - Received position message for id 2: (290, 25) with velocity vector (0, 0)
2025-12-24T09:49:34.342038336-05:00 - INFO - Received position for player.
2025-12-24T09:49:34.342108945-05:00 - INFO - Received position message for id 0: (205.12057, 15.920084) with velocity vector (5, -5)
2025-12-24T09:49:34.342158151-05:00 - INFO - Received position message for id 2: (290, 25) with velocity vector (0, 0)
2025-12-24T09:49:34.342181941-05:00 - INFO - Received position for player.
2025-12-24T09:49:34.349759298-05:00 - INFO - Received position message for id 0: (205.20059, 15.840071) with velocity vector (5, -5)
2025-12-24T09:49:34.357632781-05:00 - INFO - Received position message for id 2: (290, 25) with velocity vector (0, 0)
2025-12-24T09:49:34.357680800-05:00 - INFO - Received position for player.
2025-12-24T09:49:34.365783602-05:00 - INFO - Received position message for id 0: (205.28072, 15.75995) with velocity vector (5, -5)
2025-12-24T09:49:34.381028532-05:00 - INFO - Received position message for id 2: (290, 25) with velocity vector (0, 0)
2025-12-24T09:49:34.397607048-05:00 - INFO - Received position for player.
2025-12-24T09:49:34.397687944-05:00 - INFO - Received position message for id 0: (205.36058, 15.680084) with velocity vector (5, -5)
2025-12-24T09:49:34.407864-05:00 - INFO - Received position message for id 2: (290, 25) with velocity vector (0, 0)
2025-12-24T09:49:34.407897328-05:00 - INFO - Received position for player.
2025-12-24T09:49:34.407916327-05:00 - INFO - Received position message for id 0: (205.44061, 15.600056) with velocity vector (5, -5)
2025-12-24T09:49:34.407943315-05:00 - INFO - Received position message for id 2: (290, 25) with velocity vector (0, 0)
2025-12-24T09:49:34.407964242-05:00 - INFO - Received position for player.
2025-12-24T09:49:34.413754232-05:00 - INFO - Received position message for id 0: (205.5206, 15.520064) with velocity vector (5, -5)
2025-12-24T09:49:34.422195306-05:00 - INFO - Received position message for id 2: (290, 25) with velocity vector (0, 0)
2025-12-24T09:49:34.422245787-05:00 - INFO - Received position for player.
2025-12-24T09:49:34.429751280-05:00 - INFO - Received position message for id 0: (205.60059, 15.440076) with velocity vector (5, -5)
2025-12-24T09:49:34.437526667-05:00 - INFO - Received position message for id 2: (290, 25) with velocity vector (0, 0)
2025-12-24T09:49:34.437575859-05:00 - INFO - Received position for player.
2025-12-24T09:49:34.445760838-05:00 - INFO - Received position message for id 0: (205.6806, 15.360059) with velocity vector (5, -5)
2025-12-24T09:49:34.454087391-05:00 - INFO - Received position message for id 2: (290, 25) with velocity vector (0, 0)
2025-12-24T09:49:34.454140466-05:00 - INFO - Received position for player.
2025-12-24T09:49:34.461762365-05:00 - INFO - Received position message for id 0: (205.7606, 15.280057) with velocity vector (5, -5)
2025-12-24T09:49:34.469654279-05:00 - INFO - Received position message for id 2: (290, 25) with velocity vector (0, 0)
2025-12-24T09:49:34.469702712-05:00 - INFO - Received position for player.
2025-12-24T09:49:34.477754753-05:00 - INFO - Received position message for id 0: (205.84059, 15.200072) with velocity vector (5, -5)
2025-12-24T09:49:34.486502439-05:00 - INFO - Received position message for id 2: (290, 25) with velocity vector (0, 0)
2025-12-24T09:49:34.486551682-05:00 - INFO - Received position for player.
2025-12-24T09:49:34.494043725-05:00 - INFO - Received position message for id 0: (205.92072, 15.119956) with velocity vector (5, -5)
2025-12-24T09:49:34.508798404-05:00 - INFO - Received position message for id 2: (290, 25) with velocity vector (0, 0)
2025-12-24T09:49:34.526193056-05:00 - INFO - Received position for player.
2025-12-24T09:49:34.526271190-05:00 - INFO - Received position message for id 0: (206.00078, 15.03989) with velocity vector (5, -5)
2025-12-24T09:49:34.543594814-05:00 - INFO - Received position message for id 2: (290, 25) with velocity vector (0, 0)
2025-12-24T09:49:34.560913963-05:00 - INFO - Received position for player.
2025-12-24T09:49:34.561022920-05:00 - INFO - Received position message for id 0: (206.08067, 14.959988) with velocity vector (5, -5)
2025-12-24T09:49:34.578444730-05:00 - INFO - Received position message for id 2: (290, 25) with velocity vector (0, 0)
2025-12-24T09:49:34.599481270-05:00 - INFO - Received position for player.
2025-12-24T09:49:34.599556807-05:00 - INFO - Received position message for id 0: (206.16069, 14.879974) with velocity vector (5, -5)
2025-12-24T09:49:34.616815707-05:00 - INFO - Received position message for id 2: (290, 25) with velocity vector (0, 0)
2025-12-24T09:49:34.633964013-05:00 - INFO - Received position for player.
2025-12-24T09:49:34.634036847-05:00 - INFO - Received position message for id 0: (206.2407, 14.799961) with velocity vector (5, -5)
2025-12-24T09:49:34.651334718-05:00 - INFO - Received position message for id 2: (290, 25) with velocity vector (0, 0)
2025-12-24T09:49:34.668581123-05:00 - INFO - Received position for player.
2025-12-24T09:49:34.668652284-05:00 - INFO - Received position message for id 0: (206.32071, 14.719955) with velocity vector (5, -5)
2025-12-24T09:49:34.668690991-05:00 - INFO - Received position message for id 2: (290, 25) with velocity vector (0, 0)
2025-12-24T09:49:34.685987939-05:00 - INFO - Received position for player.
2025-12-24T09:49:34.686064412-05:00 - INFO - Received position message for id 0: (206.40071, 14.63995) with velocity vector (5, -5)
2025-12-24T09:49:34.703367447-05:00 - INFO - Received position message for id 2: (290, 25) with velocity vector (0, 0)
2025-12-24T09:49:34.719552745-05:00 - INFO - Received position for player.
2025-12-24T09:49:34.719627792-05:00 - INFO - Received position message for id 0: (206.4807, 14.559957) with velocity vector (5, -5)
2025-12-24T09:49:34.736855733-05:00 - INFO - Received position message for id 2: (290, 25) with velocity vector (0, 0)
2025-12-24T09:49:34.747468726-05:00 - INFO - Received position for player.
2025-12-24T09:49:34.747528331-05:00 - INFO - Received position message for id 0: (206.5607, 14.479949) with velocity vector (5, -5)
2025-12-24T09:49:34.757852624-05:00 - INFO - Received position message for id 2: (290, 25) with velocity vector (0, 0)
2025-12-24T09:49:34.768407964-05:00 - INFO - Received position for player.
2025-12-24T09:49:34.768463642-05:00 - INFO - Received position message for id 0: (206.64069, 14.399962) with velocity vector (5, -5)
2025-12-24T09:49:34.779302964-05:00 - INFO - Received position message for id 2: (290, 25) with velocity vector (0, 0)
2025-12-24T09:49:34.789526219-05:00 - INFO - Received position for player.
2025-12-24T09:49:34.789594878-05:00 - INFO - Received position message for id 0: (206.72069, 14.319954) with velocity vector (5, -5)
2025-12-24T09:49:34.789625515-05:00 - INFO - Received position message for id 2: (290, 25) with velocity vector (0, 0)
2025-12-24T09:49:34.789651533-05:00 - INFO - Received position for player.
2025-12-24T09:49:34.789671013-05:00 - INFO - Received position message for id 0: (206.80067, 14.239968) with velocity vector (5, -5)
2025-12-24T09:49:34.789699519-05:00 - INFO - Received position message for id 2: (290, 25) with velocity vector (0, 0)
2025-12-24T09:49:34.789714793-05:00 - INFO - Received position for player.
2025-12-24T09:49:34.789734285-05:00 - INFO - Received position message for id 0: (206.88068, 14.159964) with velocity vector (5, -5)
2025-12-24T09:49:34.789755437-05:00 - INFO - Received position message for id 2: (290, 25) with velocity vector (0, 0)
2025-12-24T09:49:34.789769999-05:00 - INFO - Received position for player.
2025-12-24T09:49:34.789786910-05:00 - INFO - Received position message for id 0: (206.9607, 14.0799465) with velocity vector (5, -5)
2025-12-24T09:49:34.789830926-05:00 - INFO - Received position message for id 2: (290, 25) with velocity vector (0, 0)
2025-12-24T09:49:34.789847640-05:00 - INFO - Received position for player.
2025-12-24T09:49:34.789865478-05:00 - INFO - Received position message for id 0: (207.04068, 13.999966) with velocity vector (5, -5)
2025-12-24T09:49:34.789890629-05:00 - INFO - Received position message for id 2: (290, 25) with velocity vector (0, 0)
2025-12-24T09:49:34.789905727-05:00 - INFO - Received position for player.
2025-12-24T09:49:34.789922955-05:00 - INFO - Received position message for id 0: (207.1207, 13.919955) with velocity vector (5, -5)
2025-12-24T09:49:34.789944536-05:00 - INFO - Received position message for id 2: (290, 25) with velocity vector (0, 0)
2025-12-24T09:49:34.789960647-05:00 - INFO - Received position for player.
2025-12-24T09:49:34.789979205-05:00 - INFO - Received position message for id 0: (207.20059, 13.840059) with velocity vector (5, -5)
2025-12-24T09:49:34.790000148-05:00 - INFO - Received position message for id 2: (290, 25) with velocity vector (0, 0)
2025-12-24T09:49:34.790017172-05:00 - INFO - Received position for player.
2025-12-24T09:49:34.790036665-05:00 - INFO - Received position message for id 0: (207.28058, 13.760068) with velocity vector (5, -5)
2025-12-24T09:49:34.790057809-05:00 - INFO - Received position message for id 2: (290, 25) with velocity vector (0, 0)
2025-12-24T09:49:34.790072785-05:00 - INFO - Received position for player.
2025-12-24T09:49:34.790090525-05:00 - INFO - Received position message for id 0: (207.36058, 13.680061) with velocity vector (5, -5)
2025-12-24T09:49:34.790114944-05:00 - INFO - Received position message for id 2: (290, 25) with velocity vector (0, 0)
2025-12-24T09:49:34.790130260-05:00 - INFO - Received position for player.
2025-12-24T09:49:34.797752925-05:00 - INFO - Received position message for id 0: (207.44058, 13.600061) with velocity vector (5, -5)
2025-12-24T09:49:34.806929776-05:00 - INFO - Received position message for id 2: (290, 25) with velocity vector (0, 0)
2025-12-24T09:49:34.807025993-05:00 - INFO - Received position for player.
2025-12-24T09:49:34.813747615-05:00 - INFO - Received position message for id 0: (207.52055, 13.520082) with velocity vector (5, -5)
2025-12-24T09:49:34.829657034-05:00 - INFO - Received position message for id 2: (290, 25) with velocity vector (0, 0)
2025-12-24T09:49:34.847037107-05:00 - INFO - Received position for player.
2025-12-24T09:49:34.847121630-05:00 - INFO - Received position message for id 0: (207.60121, 13.439428) with velocity vector (5, -5)
2025-12-24T09:49:34.847156634-05:00 - INFO - Received position message for id 2: (290, 25) with velocity vector (0, 0)
2025-12-24T09:49:34.864445994-05:00 - INFO - Received position for player.
2025-12-24T09:49:34.864535440-05:00 - INFO - Received position message for id 0: (207.68062, 13.360014) with velocity vector (5, -5)
2025-12-24T09:49:34.881821185-05:00 - INFO - Received position message for id 2: (290, 25) with velocity vector (0, 0)
2025-12-24T09:49:34.899217316-05:00 - INFO - Received position for player.
2025-12-24T09:49:34.899308892-05:00 - INFO - Received position message for id 0: (207.76065, 13.279982) with velocity vector (5, -5)
2025-12-24T09:49:34.899358915-05:00 - INFO - Received position message for id 2: (290, 25) with velocity vector (0, 0)
2025-12-24T09:49:34.916763576-05:00 - INFO - Received position for player.
2025-12-24T09:49:34.917847595-05:00 - INFO - Received position message for id 0: (207.84065, 13.199985) with velocity vector (5, -5)
2025-12-24T09:49:34.934308600-05:00 - INFO - Received position message for id 2: (290, 25) with velocity vector (0, 0)
2025-12-24T09:49:34.951671390-05:00 - INFO - Received position for player.
2025-12-24T09:49:34.951758708-05:00 - INFO - Received position message for id 0: (207.92067, 13.119962) with velocity vector (5, -5)
2025-12-24T09:49:34.951799646-05:00 - INFO - Received position message for id 2: (290, 25) with velocity vector (0, 0)
2025-12-24T09:49:34.969055526-05:00 - INFO - Received position for player.
